<?xml version="1.0" encoding="UTF-8"?>
<coverage generated="1583273405179" clover="3.2.0">
  <project timestamp="1583273405179" name="All files">
    <metrics statements="22" coveredstatements="22" conditionals="23" coveredconditionals="18" methods="1" coveredmethods="1" elements="46" coveredelements="41" complexity="0" loc="22" ncloc="22" packages="2" files="2" classes="2"/>
    <package name="actions">
      <metrics statements="8" coveredstatements="8" conditionals="0" coveredconditionals="0" methods="0" coveredmethods="0"/>
      <file name="counter.action.ts" path="/Users/seromarin/Development/seromarin/ngrx/redux-scratch/actions/counter.action.ts">
        <metrics statements="8" coveredstatements="8" conditionals="0" coveredconditionals="0" methods="0" coveredmethods="0"/>
        <line num="3" count="1" type="stmt"/>
        <line num="7" count="1" type="stmt"/>
        <line num="11" count="1" type="stmt"/>
        <line num="16" count="1" type="stmt"/>
        <line num="22" count="1" type="stmt"/>
        <line num="23" count="1" type="stmt"/>
        <line num="24" count="1" type="stmt"/>
        <line num="25" count="1" type="stmt"/>
      </file>
    </package>
    <package name="reducers">
      <metrics statements="14" coveredstatements="14" conditionals="23" coveredconditionals="18" methods="1" coveredmethods="1"/>
      <file name="counter.reducer.ts" path="/Users/seromarin/Development/seromarin/ngrx/redux-scratch/reducers/counter.reducer.ts">
        <metrics statements="14" coveredstatements="14" conditionals="23" coveredconditionals="18" methods="1" coveredmethods="1"/>
        <line num="3" count="5" type="cond" truecount="1" falsecount="1"/>
        <line num="6" count="5" type="stmt"/>
        <line num="8" count="1" type="cond" truecount="3" falsecount="1"/>
        <line num="9" count="1" type="stmt"/>
        <line num="11" count="1" type="cond" truecount="3" falsecount="1"/>
        <line num="12" count="1" type="stmt"/>
        <line num="14" count="1" type="cond" truecount="3" falsecount="1"/>
        <line num="15" count="1" type="stmt"/>
        <line num="17" count="1" type="cond" truecount="3" falsecount="1"/>
        <line num="18" count="1" type="stmt"/>
        <line num="20" count="1" type="stmt"/>
        <line num="21" count="1" type="stmt"/>
        <line num="25" count="5" type="stmt"/>
        <line num="28" count="1" type="stmt"/>
      </file>
    </package>
  </project>
</coverage>
