<?xml version="1.0" encoding="UTF-8"?>
<coverage generated="1583332232015" clover="3.2.0">
  <project timestamp="1583332232015" name="All files">
    <metrics statements="29" coveredstatements="29" conditionals="24" coveredconditionals="19" methods="5" coveredmethods="5" elements="58" coveredelements="53" complexity="0" loc="29" ncloc="29" packages="3" files="3" classes="3"/>
    <package name="actions">
      <metrics statements="6" coveredstatements="6" conditionals="0" coveredconditionals="0" methods="0" coveredmethods="0"/>
      <file name="counter.action.ts" path="/Users/seromarin/Development/seromarin/ngrx/redux-scratch/actions/counter.action.ts">
        <metrics statements="6" coveredstatements="6" conditionals="0" coveredconditionals="0" methods="0" coveredmethods="0"/>
        <line num="3" count="2" type="stmt"/>
        <line num="7" count="2" type="stmt"/>
        <line num="11" count="2" type="stmt"/>
        <line num="16" count="2" type="stmt"/>
        <line num="21" count="2" type="stmt"/>
        <line num="25" count="2" type="stmt"/>
      </file>
    </package>
    <package name="reducers">
      <metrics statements="16" coveredstatements="16" conditionals="24" coveredconditionals="19" methods="1" coveredmethods="1"/>
      <file name="counter.reducer.ts" path="/Users/seromarin/Development/seromarin/ngrx/redux-scratch/reducers/counter.reducer.ts">
        <metrics statements="16" coveredstatements="16" conditionals="24" coveredconditionals="19" methods="1" coveredmethods="1"/>
        <line num="3" count="12" type="cond" truecount="1" falsecount="1"/>
        <line num="6" count="12" type="stmt"/>
        <line num="8" count="2" type="cond" truecount="3" falsecount="1"/>
        <line num="9" count="2" type="stmt"/>
        <line num="11" count="2" type="cond" truecount="3" falsecount="1"/>
        <line num="12" count="2" type="stmt"/>
        <line num="14" count="2" type="cond" truecount="3" falsecount="1"/>
        <line num="15" count="2" type="stmt"/>
        <line num="17" count="2" type="cond" truecount="3" falsecount="1"/>
        <line num="18" count="2" type="stmt"/>
        <line num="20" count="2" type="stmt"/>
        <line num="21" count="2" type="stmt"/>
        <line num="23" count="2" type="stmt"/>
        <line num="24" count="2" type="stmt"/>
        <line num="27" count="12" type="stmt"/>
        <line num="30" count="2" type="stmt"/>
      </file>
    </package>
    <package name="stores">
      <metrics statements="7" coveredstatements="7" conditionals="0" coveredconditionals="0" methods="4" coveredmethods="4"/>
      <file name="counter.store.ts" path="/Users/seromarin/Development/seromarin/ngrx/redux-scratch/stores/counter.store.ts">
        <metrics statements="7" coveredstatements="7" conditionals="0" coveredconditionals="0" methods="4" coveredmethods="4"/>
        <line num="5" count="1" type="stmt"/>
        <line num="6" count="7" type="stmt"/>
        <line num="8" count="1" type="stmt"/>
        <line num="9" count="7" type="stmt"/>
        <line num="12" count="1" type="stmt"/>
        <line num="13" count="6" type="stmt"/>
        <line num="15" count="1" type="stmt"/>
      </file>
    </package>
  </project>
</coverage>
