{"/Users/seromarin/Development/seromarin/ngrx/redux-scratch/actions/counter.action.ts": {"path":"/Users/seromarin/Development/seromarin/ngrx/redux-scratch/actions/counter.action.ts","statementMap":{"0":{"start":{"line":3,"column":13},"end":{"line":5,"column":null}},"1":{"start":{"line":7,"column":13},"end":{"line":9,"column":null}},"2":{"start":{"line":11,"column":13},"end":{"line":14,"column":null}},"3":{"start":{"line":16,"column":13},"end":{"line":19,"column":null}},"4":{"start":{"line":21,"column":13},"end":{"line":23,"column":null}},"5":{"start":{"line":25,"column":13},"end":{"line":27,"column":null}}},"fnMap":{},"branchMap":{},"s":{"0":2,"1":2,"2":2,"3":2,"4":2,"5":2},"f":{},"b":{}}
,"/Users/seromarin/Development/seromarin/ngrx/redux-scratch/reducers/counter.reducer.ts": {"path":"/Users/seromarin/Development/seromarin/ngrx/redux-scratch/reducers/counter.reducer.ts","statementMap":{"0":{"start":{"line":3,"column":17},"end":{"line":3,"column":29}},"1":{"start":{"line":6,"column":2},"end":{"line":25,"column":null}},"2":{"start":{"line":8,"column":6},"end":{"line":8,"column":46}},"3":{"start":{"line":9,"column":6},"end":{"line":9,"column":12}},"4":{"start":{"line":11,"column":6},"end":{"line":11,"column":46}},"5":{"start":{"line":12,"column":6},"end":{"line":12,"column":12}},"6":{"start":{"line":14,"column":6},"end":{"line":14,"column":46}},"7":{"start":{"line":15,"column":6},"end":{"line":15,"column":12}},"8":{"start":{"line":17,"column":6},"end":{"line":17,"column":46}},"9":{"start":{"line":18,"column":6},"end":{"line":18,"column":12}},"10":{"start":{"line":20,"column":6},"end":{"line":20,"column":19}},"11":{"start":{"line":21,"column":6},"end":{"line":21,"column":12}},"12":{"start":{"line":23,"column":6},"end":{"line":23,"column":23}},"13":{"start":{"line":24,"column":6},"end":{"line":24,"column":12}},"14":{"start":{"line":27,"column":2},"end":{"line":27,"column":18}},"15":{"start":{"line":30,"column":20},"end":{"line":30,"column":34}}},"fnMap":{"0":{"name":"reducer","decl":{"start":{"line":3,"column":9},"end":{"line":3,"column":16}},"loc":{"start":{"line":3,"column":44},"end":{"line":28,"column":1}}}},"branchMap":{"0":{"loc":{"start":{"line":3,"column":17},"end":{"line":3,"column":29}},"type":"if","locations":[{"start":{"line":3,"column":17},"end":{"line":3,"column":29}},{"start":{"line":3,"column":17},"end":{"line":3,"column":29}}]},"1":{"loc":{"start":{"line":7,"column":4},"end":{"line":9,"column":12}},"type":"switch","locations":[{"start":{"line":7,"column":4},"end":{"line":9,"column":12}},{"start":{"line":10,"column":4},"end":{"line":12,"column":12}},{"start":{"line":13,"column":4},"end":{"line":15,"column":12}},{"start":{"line":16,"column":4},"end":{"line":18,"column":12}},{"start":{"line":19,"column":4},"end":{"line":21,"column":12}},{"start":{"line":22,"column":4},"end":{"line":24,"column":12}}]},"2":{"loc":{"start":{"line":8,"column":40},"end":{"line":8,"column":44}},"type":"cond-expr","locations":[{"start":{"line":8,"column":40},"end":{"line":8,"column":44}},{"start":{"line":8,"column":44},"end":{"line":8,"column":45}}]},"3":{"loc":{"start":{"line":8,"column":22},"end":{"line":8,"column":44}},"type":"binary-expr","locations":[{"start":{"line":8,"column":22},"end":{"line":8,"column":44}},{"start":{"line":8,"column":40},"end":{"line":8,"column":44}}]},"4":{"loc":{"start":{"line":11,"column":40},"end":{"line":11,"column":44}},"type":"cond-expr","locations":[{"start":{"line":11,"column":40},"end":{"line":11,"column":44}},{"start":{"line":11,"column":44},"end":{"line":11,"column":45}}]},"5":{"loc":{"start":{"line":11,"column":22},"end":{"line":11,"column":44}},"type":"binary-expr","locations":[{"start":{"line":11,"column":22},"end":{"line":11,"column":44}},{"start":{"line":11,"column":40},"end":{"line":11,"column":44}}]},"6":{"loc":{"start":{"line":14,"column":40},"end":{"line":14,"column":44}},"type":"cond-expr","locations":[{"start":{"line":14,"column":40},"end":{"line":14,"column":44}},{"start":{"line":14,"column":44},"end":{"line":14,"column":45}}]},"7":{"loc":{"start":{"line":14,"column":22},"end":{"line":14,"column":44}},"type":"binary-expr","locations":[{"start":{"line":14,"column":22},"end":{"line":14,"column":44}},{"start":{"line":14,"column":40},"end":{"line":14,"column":44}}]},"8":{"loc":{"start":{"line":17,"column":40},"end":{"line":17,"column":44}},"type":"cond-expr","locations":[{"start":{"line":17,"column":40},"end":{"line":17,"column":44}},{"start":{"line":17,"column":44},"end":{"line":17,"column":45}}]},"9":{"loc":{"start":{"line":17,"column":22},"end":{"line":17,"column":44}},"type":"binary-expr","locations":[{"start":{"line":17,"column":22},"end":{"line":17,"column":44}},{"start":{"line":17,"column":40},"end":{"line":17,"column":44}}]}},"s":{"0":12,"1":12,"2":2,"3":2,"4":2,"5":2,"6":2,"7":2,"8":2,"9":2,"10":2,"11":2,"12":2,"13":2,"14":12,"15":2},"f":{"0":12},"b":{"0":[0,12],"1":[2,2,2,2,2,2],"2":[0,2],"3":[2,2],"4":[0,2],"5":[2,2],"6":[2,0],"7":[2,2],"8":[2,0],"9":[2,2]}}
,"/Users/seromarin/Development/seromarin/ngrx/redux-scratch/stores/counter.store.ts": {"path":"/Users/seromarin/Development/seromarin/ngrx/redux-scratch/stores/counter.store.ts","statementMap":{"0":{"start":{"line":5,"column":0},"end":{"line":5,"column":null}},"1":{"start":{"line":6,"column":24},"end":{"line":6,"column":45}},"2":{"start":{"line":6,"column":55},"end":{"line":6,"column":64}},"3":{"start":{"line":8,"column":4},"end":{"line":10,"column":null}},"4":{"start":{"line":9,"column":8},"end":{"line":9,"column":27}},"5":{"start":{"line":12,"column":4},"end":{"line":14,"column":null}},"6":{"start":{"line":13,"column":8},"end":{"line":13,"column":null}},"7":{"start":{"line":15,"column":0},"end":{"line":15,"column":null}}},"fnMap":{"0":{"name":"(anonymous_0)","decl":{"start":{"line":5,"column":0},"end":{"line":5,"column":null}},"loc":{"start":{"line":5,"column":0},"end":{"line":15,"column":null}}},"1":{"name":"CounterStore","decl":{"start":{"line":6,"column":4},"end":{"line":6,"column":24}},"loc":{"start":{"line":6,"column":64},"end":{"line":6,"column":69}}},"2":{"name":"(anonymous_2)","decl":{"start":{"line":8,"column":4},"end":{"line":8,"column":8}},"loc":{"start":{"line":8,"column":4},"end":{"line":10,"column":5}}},"3":{"name":"(anonymous_3)","decl":{"start":{"line":12,"column":4},"end":{"line":12,"column":12}},"loc":{"start":{"line":12,"column":28},"end":{"line":14,"column":5}}}},"branchMap":{},"s":{"0":1,"1":7,"2":7,"3":1,"4":7,"5":1,"6":6,"7":1},"f":{"0":1,"1":7,"2":7,"3":6},"b":{}}
}
