{"/Users/seromarin/Development/seromarin/ngrx/redux-scratch/actions/counter.action.ts": {"path":"/Users/seromarin/Development/seromarin/ngrx/redux-scratch/actions/counter.action.ts","statementMap":{"0":{"start":{"line":3,"column":33},"end":{"line":5,"column":null}},"1":{"start":{"line":22,"column":4},"end":{"line":22,"column":19}},"2":{"start":{"line":7,"column":33},"end":{"line":9,"column":null}},"3":{"start":{"line":23,"column":4},"end":{"line":23,"column":19}},"4":{"start":{"line":11,"column":32},"end":{"line":14,"column":null}},"5":{"start":{"line":24,"column":4},"end":{"line":24,"column":18}},"6":{"start":{"line":16,"column":30},"end":{"line":19,"column":null}},"7":{"start":{"line":25,"column":4},"end":{"line":25,"column":16}}},"fnMap":{},"branchMap":{},"s":{"0":1,"1":1,"2":1,"3":1,"4":1,"5":1,"6":1,"7":1},"f":{},"b":{}}
,"/Users/seromarin/Development/seromarin/ngrx/redux-scratch/reducers/counter.reducer.ts": {"path":"/Users/seromarin/Development/seromarin/ngrx/redux-scratch/reducers/counter.reducer.ts","statementMap":{"0":{"start":{"line":3,"column":18},"end":{"line":3,"column":30}},"1":{"start":{"line":6,"column":4},"end":{"line":22,"column":null}},"2":{"start":{"line":8,"column":12},"end":{"line":8,"column":52}},"3":{"start":{"line":9,"column":12},"end":{"line":9,"column":18}},"4":{"start":{"line":11,"column":12},"end":{"line":11,"column":52}},"5":{"start":{"line":12,"column":12},"end":{"line":12,"column":18}},"6":{"start":{"line":14,"column":12},"end":{"line":14,"column":52}},"7":{"start":{"line":15,"column":12},"end":{"line":15,"column":18}},"8":{"start":{"line":17,"column":12},"end":{"line":17,"column":51}},"9":{"start":{"line":18,"column":12},"end":{"line":18,"column":18}},"10":{"start":{"line":20,"column":12},"end":{"line":20,"column":29}},"11":{"start":{"line":21,"column":12},"end":{"line":21,"column":18}},"12":{"start":{"line":25,"column":4},"end":{"line":25,"column":20}},"13":{"start":{"line":28,"column":20},"end":{"line":28,"column":34}}},"fnMap":{"0":{"name":"reducer","decl":{"start":{"line":3,"column":9},"end":{"line":3,"column":16}},"loc":{"start":{"line":3,"column":45},"end":{"line":26,"column":1}}}},"branchMap":{"0":{"loc":{"start":{"line":3,"column":18},"end":{"line":3,"column":30}},"type":"if","locations":[{"start":{"line":3,"column":18},"end":{"line":3,"column":30}},{"start":{"line":3,"column":18},"end":{"line":3,"column":30}}]},"1":{"loc":{"start":{"line":7,"column":8},"end":{"line":9,"column":18}},"type":"switch","locations":[{"start":{"line":7,"column":8},"end":{"line":9,"column":18}},{"start":{"line":10,"column":8},"end":{"line":12,"column":18}},{"start":{"line":13,"column":8},"end":{"line":15,"column":18}},{"start":{"line":16,"column":8},"end":{"line":18,"column":18}},{"start":{"line":19,"column":8},"end":{"line":21,"column":18}}]},"2":{"loc":{"start":{"line":8,"column":46},"end":{"line":8,"column":50}},"type":"cond-expr","locations":[{"start":{"line":8,"column":46},"end":{"line":8,"column":50}},{"start":{"line":8,"column":50},"end":{"line":8,"column":51}}]},"3":{"loc":{"start":{"line":8,"column":28},"end":{"line":8,"column":50}},"type":"binary-expr","locations":[{"start":{"line":8,"column":28},"end":{"line":8,"column":50}},{"start":{"line":8,"column":46},"end":{"line":8,"column":50}}]},"4":{"loc":{"start":{"line":11,"column":46},"end":{"line":11,"column":50}},"type":"cond-expr","locations":[{"start":{"line":11,"column":46},"end":{"line":11,"column":50}},{"start":{"line":11,"column":50},"end":{"line":11,"column":51}}]},"5":{"loc":{"start":{"line":11,"column":28},"end":{"line":11,"column":50}},"type":"binary-expr","locations":[{"start":{"line":11,"column":28},"end":{"line":11,"column":50}},{"start":{"line":11,"column":46},"end":{"line":11,"column":50}}]},"6":{"loc":{"start":{"line":14,"column":46},"end":{"line":14,"column":50}},"type":"cond-expr","locations":[{"start":{"line":14,"column":46},"end":{"line":14,"column":50}},{"start":{"line":14,"column":50},"end":{"line":14,"column":51}}]},"7":{"loc":{"start":{"line":14,"column":28},"end":{"line":14,"column":50}},"type":"binary-expr","locations":[{"start":{"line":14,"column":28},"end":{"line":14,"column":50}},{"start":{"line":14,"column":46},"end":{"line":14,"column":50}}]},"8":{"loc":{"start":{"line":17,"column":45},"end":{"line":17,"column":49}},"type":"cond-expr","locations":[{"start":{"line":17,"column":45},"end":{"line":17,"column":49}},{"start":{"line":17,"column":49},"end":{"line":17,"column":50}}]},"9":{"loc":{"start":{"line":17,"column":28},"end":{"line":17,"column":49}},"type":"binary-expr","locations":[{"start":{"line":17,"column":28},"end":{"line":17,"column":49}},{"start":{"line":17,"column":45},"end":{"line":17,"column":49}}]}},"s":{"0":5,"1":5,"2":1,"3":1,"4":1,"5":1,"6":1,"7":1,"8":1,"9":1,"10":1,"11":1,"12":5,"13":1},"f":{"0":5},"b":{"0":[0,5],"1":[1,1,1,1,1],"2":[0,1],"3":[1,1],"4":[0,1],"5":[1,1],"6":[1,0],"7":[1,1],"8":[1,0],"9":[1,1]}}
}
