TN:
SF:actions/counter.action.ts
FNF:0
FNH:0
DA:3,1
DA:7,1
DA:11,1
DA:16,1
DA:22,1
DA:23,1
DA:24,1
DA:25,1
LF:8
LH:8
BRF:0
BRH:0
end_of_record
TN:
SF:reducers/counter.reducer.ts
FN:3,reducer
FNF:1
FNH:1
FNDA:5,reducer
DA:3,5
DA:6,5
DA:8,1
DA:9,1
DA:11,1
DA:12,1
DA:14,1
DA:15,1
DA:17,1
DA:18,1
DA:20,1
DA:21,1
DA:25,5
DA:28,1
LF:14
LH:14
BRDA:3,0,0,0
BRDA:3,0,1,5
BRDA:7,1,0,1
BRDA:7,1,1,1
BRDA:7,1,2,1
BRDA:7,1,3,1
BRDA:7,1,4,1
BRDA:8,2,0,0
BRDA:8,2,1,1
BRDA:8,3,0,1
BRDA:8,3,1,1
BRDA:11,4,0,0
BRDA:11,4,1,1
BRDA:11,5,0,1
BRDA:11,5,1,1
BRDA:14,6,0,1
BRDA:14,6,1,0
BRDA:14,7,0,1
BRDA:14,7,1,1
BRDA:17,8,0,1
BRDA:17,8,1,0
BRDA:17,9,0,1
BRDA:17,9,1,1
BRF:23
BRH:18
end_of_record
