TN:
SF:actions/counter.action.ts
FNF:0
FNH:0
DA:3,2
DA:7,2
DA:11,2
DA:16,2
DA:21,2
DA:25,2
LF:6
LH:6
BRF:0
BRH:0
end_of_record
TN:
SF:reducers/counter.reducer.ts
FN:3,reducer
FNF:1
FNH:1
FNDA:12,reducer
DA:3,12
DA:6,12
DA:8,2
DA:9,2
DA:11,2
DA:12,2
DA:14,2
DA:15,2
DA:17,2
DA:18,2
DA:20,2
DA:21,2
DA:23,2
DA:24,2
DA:27,12
DA:30,2
LF:16
LH:16
BRDA:3,0,0,0
BRDA:3,0,1,12
BRDA:7,1,0,2
BRDA:7,1,1,2
BRDA:7,1,2,2
BRDA:7,1,3,2
BRDA:7,1,4,2
BRDA:7,1,5,2
BRDA:8,2,0,0
BRDA:8,2,1,2
BRDA:8,3,0,2
BRDA:8,3,1,2
BRDA:11,4,0,0
BRDA:11,4,1,2
BRDA:11,5,0,2
BRDA:11,5,1,2
BRDA:14,6,0,2
BRDA:14,6,1,0
BRDA:14,7,0,2
BRDA:14,7,1,2
BRDA:17,8,0,2
BRDA:17,8,1,0
BRDA:17,9,0,2
BRDA:17,9,1,2
BRF:24
BRH:19
end_of_record
TN:
SF:stores/counter.store.ts
FN:5,(anonymous_0)
FN:6,CounterStore
FN:8,(anonymous_2)
FN:12,(anonymous_3)
FNF:4
FNH:4
FNDA:1,(anonymous_0)
FNDA:7,CounterStore
FNDA:7,(anonymous_2)
FNDA:6,(anonymous_3)
DA:5,1
DA:6,7
DA:8,1
DA:9,7
DA:12,1
DA:13,6
DA:15,1
LF:7
LH:7
BRF:0
BRH:0
end_of_record
